2026-04-01 15:18:05,844 [INFO] 변환 시작: dataset=all, cpus=32, dry_run=False
2026-04-01 15:18:09,969 [INFO] 
============================================================
2026-04-01 15:18:09,969 [INFO]   code15 변환 시작
2026-04-01 15:18:09,969 [INFO] ============================================================
2026-04-01 15:18:14,975 [INFO]   CSV 행 수: 345,779
2026-04-01 15:18:14,975 [INFO]   기존 변환 파일: 0개
2026-04-01 15:19:55,030 [INFO] 변환 시작: dataset=all, cpus=32, dry_run=False
2026-04-01 15:19:58,905 [INFO] 
============================================================
2026-04-01 15:19:58,905 [INFO]   code15 변환 시작
2026-04-01 15:19:58,905 [INFO] ============================================================
2026-04-01 15:20:04,105 [INFO]   CSV 행 수: 345,779
2026-04-01 15:20:04,115 [INFO]   기존 변환 파일: 0개
2026-04-01 15:42:02,509 [INFO] 변환 시작: dataset=all, cpus=32, dry_run=False
2026-04-01 15:42:06,559 [INFO] 
============================================================
2026-04-01 15:42:06,560 [INFO]   code15 변환 시작
2026-04-01 15:42:06,560 [INFO] ============================================================
2026-04-01 15:42:12,087 [INFO]   CSV 행 수: 345,779
2026-04-01 15:42:12,096 [INFO]   기존 변환 파일: 0개
2026-04-01 16:01:49,800 [INFO]   완료: 345,779개 변환, 0개 기존, 0개 실패 → /home/irteam/ddn-opendata1/h5/code15/v2.0/code15_table.csv
2026-04-01 16:01:50,485 [INFO] 
============================================================
2026-04-01 16:01:50,485 [INFO]   mimic4 변환 시작
2026-04-01 16:01:50,485 [INFO] ============================================================
2026-04-01 16:02:01,271 [INFO]   CSV 행 수: 799,929
2026-04-01 16:02:01,282 [INFO]   기존 변환 파일: 0개
2026-04-01 17:14:59,329 [INFO] 변환 시작: dataset=code15, cpus=32, dry_run=False
2026-04-01 17:15:10,695 [INFO] 전체 변환 완료
2026-04-01 17:18:22,481 [INFO] 변환 시작: dataset=all, cpus=32, dry_run=False
2026-04-01 17:18:26,547 [INFO] 
============================================================
2026-04-01 17:18:26,547 [INFO]   code15 변환 시작
2026-04-01 17:18:26,547 [INFO] ============================================================
2026-04-01 17:18:31,730 [INFO]   CSV 행 수: 345,779
2026-04-01 17:18:31,765 [INFO]   기존 변환 파일: 0개
2026-04-01 17:40:53,812 [INFO]   완료: 345,779개 변환, 0개 기존, 0개 실패 → /home/irteam/ddn-opendata1/h5/code15/v2.0/code15_table.csv
2026-04-01 17:40:54,566 [INFO] 
============================================================
2026-04-01 17:40:54,566 [INFO]   mimic4 변환 시작
2026-04-01 17:40:54,567 [INFO] ============================================================
2026-04-01 17:41:07,268 [INFO]   CSV 행 수: 799,929
2026-04-01 17:41:07,325 [INFO]   기존 변환 파일: 0개
2026-04-02 09:52:16,262 [INFO]   완료: 799,929개 변환, 0개 기존, 0개 실패 → /home/irteam/ddn-opendata1/h5/mimic4/v2.0/mimic4_table.csv
2026-04-02 09:52:17,812 [INFO] 
============================================================
2026-04-02 09:52:17,812 [INFO]   physionet2021 변환 시작
2026-04-02 09:52:17,812 [INFO] ============================================================
2026-04-02 09:52:19,137 [INFO]   CSV 행 수: 88,252
2026-04-02 09:52:19,167 [INFO]   기존 변환 파일: 0개
2026-04-02 09:54:33,152 [INFO]   완료: 87,637개 변환, 0개 기존, 615개 실패 → /home/irteam/ddn-opendata1/h5/physionet2021/v2.0/physionet2021_table.csv
2026-04-02 09:54:35,414 [INFO] 전체 변환 완료
